
Test Case 1  		<single>
   AssessmentsState :  none_saved


Test Case 2  		<single>
   SelectionInput :  invalid_non_int


Test Case 3  		<single>
   SelectionInput :  out_of_range


Test Case 4  		<single>
   QuestionsInAssessment :  zero_questions


Test Case 5  		<single>
   QuestionIndexInput :  invalid_q_nonint


Test Case 6  		<single>
   QuestionIndexInput :  q_out_of_range


Test Case 7  		<single>
   EditNewQuestion :  blank_keep


Test Case 8  		<single>
   EditNewQuestion :  change


Test Case 9  		<single>
   EditOptionsChoice :  keep_all


Test Case 10 		<single>
   EditOptionsChoice :  change_some


Test Case 11 		<single>
   NewAnswerInput :  blank_keep


Test Case 12 		<single>
   NewAnswerInput :  provided


Test Case 13 		<single>
   AddOrDeleteAnswerInput :  valid_abcd


Test Case 14 		<single>
   AddOrDeleteAnswerInput :  invalid


Test Case 15 		<error>  (follows [if])
   AddOrDeleteAnswerInput :  valid_index


Test Case 16 		<error>  (follows [if])
   AddOrDeleteAnswerInput :  invalid_non_int


Test Case 17 		<error>  (follows [if])
   AddOrDeleteAnswerInput :  out_of_range


Test Case 18 		<error>  (follows [if])
   AddOrDeleteAnswerInput :  zero_questions


Test Case 19 		<error>  (follows [if])
   AddOrDeleteAnswerInput :  some_questions


Test Case 20 		<error>  (follows [if])
   AddOrDeleteAnswerInput :  valid_q_index


Test Case 21 		<error>  (follows [if])
   AddOrDeleteAnswerInput :  invalid_q_nonint


Test Case 22 		<error>  (follows [if])
   AddOrDeleteAnswerInput :  q_out_of_range


Test Case 23 		<error>  (follows [if])
   AddOrDeleteAnswerInput :  blank_keep


Test Case 24 		<error>  (follows [if])
   AddOrDeleteAnswerInput :  change


Test Case 25 		<error>  (follows [if])
   AddOrDeleteAnswerInput :  keep_all


Test Case 26 		<error>  (follows [if])
   AddOrDeleteAnswerInput :  change_some


Test Case 27 		<single>  (follows [else])
   AddOrDeleteAnswerInput :  some_saved


Test Case 28 		<single>  (follows [else])
   AddOrDeleteAnswerInput :  some_saved


Test Case 29 		<single>  (follows [else])
   AddOrDeleteAnswerInput :  some_saved


Test Case 30 		<error>  (follows [else])
   AddOrDeleteAnswerInput :  zero_questions


Test Case 31 		<error>  (follows [else])
   AddOrDeleteAnswerInput :  some_questions


Test Case 32 		<error>  (follows [else])
   AddOrDeleteAnswerInput :  valid_q_index


Test Case 33 		<error>  (follows [else])
   AddOrDeleteAnswerInput :  invalid_q_nonint


Test Case 34 		<error>  (follows [else])
   AddOrDeleteAnswerInput :  q_out_of_range


Test Case 35 		<error>  (follows [if])
   AddOrDeleteAnswerInput :  valid_q_index


Test Case 36 		<error>  (follows [if])
   AddOrDeleteAnswerInput :  invalid_q_nonint


Test Case 37 		<error>  (follows [if])
   AddOrDeleteAnswerInput :  q_out_of_range


Test Case 38 		<error>  (follows [if])
   AddOrDeleteAnswerInput :  blank_keep


Test Case 39 		<error>  (follows [if])
   AddOrDeleteAnswerInput :  change


Test Case 40 		<error>  (follows [if])
   AddOrDeleteAnswerInput :  keep_all


Test Case 41 		<error>  (follows [if])
   AddOrDeleteAnswerInput :  change_some


Test Case 42 		<error>  (follows [if])
   AddOrDeleteAnswerInput :  provided


Test Case 43 		<error>  (follows [if])
   AddOrDeleteAnswerInput :  blank_keep


Test Case 44 		<error>  (follows [if])
   AddOrDeleteAnswerInput :  blank_keep


Test Case 45 		<error>  (follows [if])
   AddOrDeleteAnswerInput :  change


Test Case 46 		<error>  (follows [if])
   AddOrDeleteAnswerInput :  keep_all


Test Case 47 		<error>  (follows [if])
   AddOrDeleteAnswerInput :  change_some


Test Case 48 		<error>  (follows [if])
   AddOrDeleteAnswerInput :  provided


Test Case 49 		<error>  (follows [if])
   AddOrDeleteAnswerInput :  blank_keep


Test Case 50 		<error>  (follows [if])
   AddOrDeleteAnswerInput :  valid_abcd


Test Case 51 		<error>  (follows [if])
   AddOrDeleteAnswerInput :  invalid


Test Case 52 		<error>  (follows [else])
   AddOrDeleteAnswerInput :  valid_abcd


Test Case 53 		<error>  (follows [else])
   AddOrDeleteAnswerInput :  invalid


Test Case 54 		<error>  (follows [if])
   AddOrDeleteAnswerInput :  valid_abcd


Test Case 55 		<error>  (follows [if])
   AddOrDeleteAnswerInput :  invalid


Test Case 56 		(Key = 1.2.1.2.1.0.0.0.18.)
   FunctionUnderTest      :  list_assessments
   AssessmentsState       :  some_saved
   SelectionInput         :  valid_index
   QuestionsInAssessment  :  some_questions
   QuestionIndexInput     :  valid_q_index
   EditNewQuestion        :  <n/a>
   EditOptionsChoice      :  <n/a>
   NewAnswerInput         :  <n/a>
   AddOrDeleteAnswerInput :  zero_questions


Test Case 57 		(Key = 1.2.1.2.1.0.0.0.19.)
   FunctionUnderTest      :  list_assessments
   AssessmentsState       :  some_saved
   SelectionInput         :  valid_index
   QuestionsInAssessment  :  some_questions
   QuestionIndexInput     :  valid_q_index
   EditNewQuestion        :  <n/a>
   EditOptionsChoice      :  <n/a>
   NewAnswerInput         :  <n/a>
   AddOrDeleteAnswerInput :  some_questions


Test Case 58 		(Key = 1.2.1.2.1.0.0.0.20.)
   FunctionUnderTest      :  list_assessments
   AssessmentsState       :  some_saved
   SelectionInput         :  valid_index
   QuestionsInAssessment  :  some_questions
   QuestionIndexInput     :  valid_q_index
   EditNewQuestion        :  <n/a>
   EditOptionsChoice      :  <n/a>
   NewAnswerInput         :  <n/a>
   AddOrDeleteAnswerInput :  valid_q_index


Test Case 59 		(Key = 1.2.1.2.1.0.0.0.21.)
   FunctionUnderTest      :  list_assessments
   AssessmentsState       :  some_saved
   SelectionInput         :  valid_index
   QuestionsInAssessment  :  some_questions
   QuestionIndexInput     :  valid_q_index
   EditNewQuestion        :  <n/a>
   EditOptionsChoice      :  <n/a>
   NewAnswerInput         :  <n/a>
   AddOrDeleteAnswerInput :  invalid_q_nonint


Test Case 60 		(Key = 1.2.1.2.1.0.0.0.22.)
   FunctionUnderTest      :  list_assessments
   AssessmentsState       :  some_saved
   SelectionInput         :  valid_index
   QuestionsInAssessment  :  some_questions
   QuestionIndexInput     :  valid_q_index
   EditNewQuestion        :  <n/a>
   EditOptionsChoice      :  <n/a>
   NewAnswerInput         :  <n/a>
   AddOrDeleteAnswerInput :  q_out_of_range


Test Case 61 		(Key = 2.2.1.2.1.0.0.0.15.)
   FunctionUnderTest      :  add_question
   AssessmentsState       :  some_saved
   SelectionInput         :  valid_index
   QuestionsInAssessment  :  some_questions
   QuestionIndexInput     :  valid_q_index
   EditNewQuestion        :  <n/a>
   EditOptionsChoice      :  <n/a>
   NewAnswerInput         :  <n/a>
   AddOrDeleteAnswerInput :  some_saved


Test Case 62 		(Key = 2.2.1.2.1.0.0.0.18.)
   FunctionUnderTest      :  add_question
   AssessmentsState       :  some_saved
   SelectionInput         :  valid_index
   QuestionsInAssessment  :  some_questions
   QuestionIndexInput     :  valid_q_index
   EditNewQuestion        :  <n/a>
   EditOptionsChoice      :  <n/a>
   NewAnswerInput         :  <n/a>
   AddOrDeleteAnswerInput :  zero_questions


Test Case 63 		(Key = 2.2.1.2.1.0.0.0.19.)
   FunctionUnderTest      :  add_question
   AssessmentsState       :  some_saved
   SelectionInput         :  valid_index
   QuestionsInAssessment  :  some_questions
   QuestionIndexInput     :  valid_q_index
   EditNewQuestion        :  <n/a>
   EditOptionsChoice      :  <n/a>
   NewAnswerInput         :  <n/a>
   AddOrDeleteAnswerInput :  some_questions


Test Case 64 		(Key = 2.2.1.2.1.0.0.0.20.)
   FunctionUnderTest      :  add_question
   AssessmentsState       :  some_saved
   SelectionInput         :  valid_index
   QuestionsInAssessment  :  some_questions
   QuestionIndexInput     :  valid_q_index
   EditNewQuestion        :  <n/a>
   EditOptionsChoice      :  <n/a>
   NewAnswerInput         :  <n/a>
   AddOrDeleteAnswerInput :  valid_q_index


Test Case 65 		(Key = 2.2.1.2.1.0.0.0.21.)
   FunctionUnderTest      :  add_question
   AssessmentsState       :  some_saved
   SelectionInput         :  valid_index
   QuestionsInAssessment  :  some_questions
   QuestionIndexInput     :  valid_q_index
   EditNewQuestion        :  <n/a>
   EditOptionsChoice      :  <n/a>
   NewAnswerInput         :  <n/a>
   AddOrDeleteAnswerInput :  invalid_q_nonint


Test Case 66 		(Key = 2.2.1.2.1.0.0.0.22.)
   FunctionUnderTest      :  add_question
   AssessmentsState       :  some_saved
   SelectionInput         :  valid_index
   QuestionsInAssessment  :  some_questions
   QuestionIndexInput     :  valid_q_index
   EditNewQuestion        :  <n/a>
   EditOptionsChoice      :  <n/a>
   NewAnswerInput         :  <n/a>
   AddOrDeleteAnswerInput :  q_out_of_range


Test Case 67 		(Key = 2.2.1.2.1.0.0.0.40.)
   FunctionUnderTest      :  add_question
   AssessmentsState       :  some_saved
   SelectionInput         :  valid_index
   QuestionsInAssessment  :  some_questions
   QuestionIndexInput     :  valid_q_index
   EditNewQuestion        :  <n/a>
   EditOptionsChoice      :  <n/a>
   NewAnswerInput         :  <n/a>
   AddOrDeleteAnswerInput :  valid_abcd


Test Case 68 		(Key = 2.2.1.2.1.0.0.0.41.)
   FunctionUnderTest      :  add_question
   AssessmentsState       :  some_saved
   SelectionInput         :  valid_index
   QuestionsInAssessment  :  some_questions
   QuestionIndexInput     :  valid_q_index
   EditNewQuestion        :  <n/a>
   EditOptionsChoice      :  <n/a>
   NewAnswerInput         :  <n/a>
   AddOrDeleteAnswerInput :  invalid


Test Case 69 		(Key = 3.2.1.2.1.0.0.0.16.)
   FunctionUnderTest      :  edit_question
   AssessmentsState       :  some_saved
   SelectionInput         :  valid_index
   QuestionsInAssessment  :  some_questions
   QuestionIndexInput     :  valid_q_index
   EditNewQuestion        :  <n/a>
   EditOptionsChoice      :  <n/a>
   NewAnswerInput         :  <n/a>
   AddOrDeleteAnswerInput :  some_saved


Test Case 70 		(Key = 3.2.1.2.1.0.0.0.18.)
   FunctionUnderTest      :  edit_question
   AssessmentsState       :  some_saved
   SelectionInput         :  valid_index
   QuestionsInAssessment  :  some_questions
   QuestionIndexInput     :  valid_q_index
   EditNewQuestion        :  <n/a>
   EditOptionsChoice      :  <n/a>
   NewAnswerInput         :  <n/a>
   AddOrDeleteAnswerInput :  zero_questions


Test Case 71 		(Key = 3.2.1.2.1.0.0.0.19.)
   FunctionUnderTest      :  edit_question
   AssessmentsState       :  some_saved
   SelectionInput         :  valid_index
   QuestionsInAssessment  :  some_questions
   QuestionIndexInput     :  valid_q_index
   EditNewQuestion        :  <n/a>
   EditOptionsChoice      :  <n/a>
   NewAnswerInput         :  <n/a>
   AddOrDeleteAnswerInput :  some_questions


Test Case 72 		(Key = 3.2.1.2.1.0.0.0.20.)
   FunctionUnderTest      :  edit_question
   AssessmentsState       :  some_saved
   SelectionInput         :  valid_index
   QuestionsInAssessment  :  some_questions
   QuestionIndexInput     :  valid_q_index
   EditNewQuestion        :  <n/a>
   EditOptionsChoice      :  <n/a>
   NewAnswerInput         :  <n/a>
   AddOrDeleteAnswerInput :  valid_q_index


Test Case 73 		(Key = 3.2.1.2.1.0.0.0.21.)
   FunctionUnderTest      :  edit_question
   AssessmentsState       :  some_saved
   SelectionInput         :  valid_index
   QuestionsInAssessment  :  some_questions
   QuestionIndexInput     :  valid_q_index
   EditNewQuestion        :  <n/a>
   EditOptionsChoice      :  <n/a>
   NewAnswerInput         :  <n/a>
   AddOrDeleteAnswerInput :  invalid_q_nonint


Test Case 74 		(Key = 3.2.1.2.1.0.0.0.22.)
   FunctionUnderTest      :  edit_question
   AssessmentsState       :  some_saved
   SelectionInput         :  valid_index
   QuestionsInAssessment  :  some_questions
   QuestionIndexInput     :  valid_q_index
   EditNewQuestion        :  <n/a>
   EditOptionsChoice      :  <n/a>
   NewAnswerInput         :  <n/a>
   AddOrDeleteAnswerInput :  q_out_of_range


Test Case 75 		(Key = 4.2.1.2.1.0.0.0.17.)
   FunctionUnderTest      :  delete_question
   AssessmentsState       :  some_saved
   SelectionInput         :  valid_index
   QuestionsInAssessment  :  some_questions
   QuestionIndexInput     :  valid_q_index
   EditNewQuestion        :  <n/a>
   EditOptionsChoice      :  <n/a>
   NewAnswerInput         :  <n/a>
   AddOrDeleteAnswerInput :  some_saved


Test Case 76 		(Key = 4.2.1.2.1.0.0.0.18.)
   FunctionUnderTest      :  delete_question
   AssessmentsState       :  some_saved
   SelectionInput         :  valid_index
   QuestionsInAssessment  :  some_questions
   QuestionIndexInput     :  valid_q_index
   EditNewQuestion        :  <n/a>
   EditOptionsChoice      :  <n/a>
   NewAnswerInput         :  <n/a>
   AddOrDeleteAnswerInput :  zero_questions


Test Case 77 		(Key = 4.2.1.2.1.0.0.0.19.)
   FunctionUnderTest      :  delete_question
   AssessmentsState       :  some_saved
   SelectionInput         :  valid_index
   QuestionsInAssessment  :  some_questions
   QuestionIndexInput     :  valid_q_index
   EditNewQuestion        :  <n/a>
   EditOptionsChoice      :  <n/a>
   NewAnswerInput         :  <n/a>
   AddOrDeleteAnswerInput :  some_questions


Test Case 78 		(Key = 4.2.1.2.1.0.0.0.20.)
   FunctionUnderTest      :  delete_question
   AssessmentsState       :  some_saved
   SelectionInput         :  valid_index
   QuestionsInAssessment  :  some_questions
   QuestionIndexInput     :  valid_q_index
   EditNewQuestion        :  <n/a>
   EditOptionsChoice      :  <n/a>
   NewAnswerInput         :  <n/a>
   AddOrDeleteAnswerInput :  valid_q_index


Test Case 79 		(Key = 4.2.1.2.1.0.0.0.21.)
   FunctionUnderTest      :  delete_question
   AssessmentsState       :  some_saved
   SelectionInput         :  valid_index
   QuestionsInAssessment  :  some_questions
   QuestionIndexInput     :  valid_q_index
   EditNewQuestion        :  <n/a>
   EditOptionsChoice      :  <n/a>
   NewAnswerInput         :  <n/a>
   AddOrDeleteAnswerInput :  invalid_q_nonint


Test Case 80 		(Key = 4.2.1.2.1.0.0.0.22.)
   FunctionUnderTest      :  delete_question
   AssessmentsState       :  some_saved
   SelectionInput         :  valid_index
   QuestionsInAssessment  :  some_questions
   QuestionIndexInput     :  valid_q_index
   EditNewQuestion        :  <n/a>
   EditOptionsChoice      :  <n/a>
   NewAnswerInput         :  <n/a>
   AddOrDeleteAnswerInput :  q_out_of_range

